[0720/074052.093:INFO:CONSOLE(301)] "每一个星球都有一个驱动核心，
每一种思想都有影响力的种子。
感受世界的温度，
年轻的你也能成为改变世界的动力，
百度珍惜你所有的潜力。
你的潜力，是改变世界的动力！

", source: https://pss.bdstatic.com/r/www/cache/static/protocol/https/global/js/all_async_search_7e51d6a.js (301)
[0720/074052.093:INFO:CONSOLE(301)] "%c百度2022校园招聘简历投递：https://talent.baidu.com/external/baidu/campus.html color:red", source: https://pss.bdstatic.com/r/www/cache/static/protocol/https/global/js/all_async_search_7e51d6a.js (301)
[0720/123700.731:INFO:CONSOLE(1)] "[Micro Frontend Framework] Initialize google ga...", source: https://assets.codehub.cn/micro-frontend/framework-dee42661.js (1)
[0720/123700.932:INFO:CONSOLE(1)] "[Micro Frontend Framework] Checked unsupported browser", source: https://assets.codehub.cn/micro-frontend/framework-dee42661.js (1)
[0720/123700.934:INFO:CONSOLE(1)] "[Micro Frontend Framework] Framework version: 1322a807079da633567f2f53b87e8e2063403a2a", source: https://assets.codehub.cn/micro-frontend/framework-dee42661.js (1)
[0720/123701.008:INFO:CONSOLE(1)] "[Micro Frontend Framework] Loading app: unauthorized commit:  change: ", source: https://assets.codehub.cn/micro-frontend/framework-dee42661.js (1)
[0720/123701.013:INFO:CONSOLE(1)] "[Micro Frontend Framework] Loading app: layout commit:  change: ", source: https://assets.codehub.cn/micro-frontend/framework-dee42661.js (1)
[0720/123701.013:INFO:CONSOLE(1)] "[Micro Frontend Framework] Loading app: container commit:  change: ", source: https://assets.codehub.cn/micro-frontend/framework-dee42661.js (1)
[0720/123701.014:INFO:CONSOLE(1)] "[Micro Frontend Framework] Loading app: login commit:  change: ", source: https://assets.codehub.cn/micro-frontend/framework-dee42661.js (1)
[0720/123701.015:INFO:CONSOLE(1)] "[Micro Frontend Framework] Loading app: account commit:  change: ", source: https://assets.codehub.cn/micro-frontend/framework-dee42661.js (1)
[0720/123701.017:INFO:CONSOLE(1)] "[Micro Frontend Framework] Loading app: projects commit:  change: ", source: https://assets.codehub.cn/micro-frontend/framework-dee42661.js (1)
[0720/123701.017:INFO:CONSOLE(1)] "[Micro Frontend Framework] Loading app: project-setting commit:  change: ", source: https://assets.codehub.cn/micro-frontend/framework-dee42661.js (1)
[0720/123701.017:INFO:CONSOLE(1)] "[Micro Frontend Framework] Loading app: teamokr commit:  change: ", source: https://assets.codehub.cn/micro-frontend/framework-dee42661.js (1)
[0720/123701.017:INFO:CONSOLE(1)] "[Micro Frontend Framework] Loading app: ci commit:  change: ", source: https://assets.codehub.cn/micro-frontend/framework-dee42661.js (1)
[0720/123701.018:INFO:CONSOLE(1)] "[Micro Frontend Framework] Loading app: qci commit:  change: ", source: https://assets.codehub.cn/micro-frontend/framework-dee42661.js (1)
[0720/123701.018:INFO:CONSOLE(1)] "[Micro Frontend Framework] Loading app: vcs commit:  change: ", source: https://assets.codehub.cn/micro-frontend/framework-dee42661.js (1)
[0720/123701.018:INFO:CONSOLE(1)] "[Micro Frontend Framework] Loading app: project-management commit:  change: ", source: https://assets.codehub.cn/micro-frontend/framework-dee42661.js (1)
[0720/123701.018:INFO:CONSOLE(1)] "[Micro Frontend Framework] Loading app: testing commit:  change: ", source: https://assets.codehub.cn/micro-frontend/framework-dee42661.js (1)
[0720/123701.019:INFO:CONSOLE(1)] "[Micro Frontend Framework] Loading app: api commit:  change: ", source: https://assets.codehub.cn/micro-frontend/framework-dee42661.js (1)
[0720/123701.019:INFO:CONSOLE(1)] "[Micro Frontend Framework] Loading app: artifacts commit:  change: ", source: https://assets.codehub.cn/micro-frontend/framework-dee42661.js (1)
[0720/123701.019:INFO:CONSOLE(1)] "[Micro Frontend Framework] Loading app: cd-spin commit:  change: ", source: https://assets.codehub.cn/micro-frontend/framework-dee42661.js (1)
[0720/123701.019:INFO:CONSOLE(1)] "[Micro Frontend Framework] Loading app: activity commit:  change: ", source: https://assets.codehub.cn/micro-frontend/framework-dee42661.js (1)
[0720/123701.019:INFO:CONSOLE(1)] "[Micro Frontend Framework] Loading app: user commit:  change: ", source: https://assets.codehub.cn/micro-frontend/framework-dee42661.js (1)
[0720/123701.019:INFO:CONSOLE(1)] "[Micro Frontend Framework] Loading app: code-analysis commit:  change: ", source: https://assets.codehub.cn/micro-frontend/framework-dee42661.js (1)
[0720/123701.019:INFO:CONSOLE(1)] "[Micro Frontend Framework] Loading app: wiki commit:  change: ", source: https://assets.codehub.cn/micro-frontend/framework-dee42661.js (1)
[0720/123701.019:INFO:CONSOLE(1)] "[Micro Frontend Framework] Loading app: files commit:  change: ", source: https://assets.codehub.cn/micro-frontend/framework-dee42661.js (1)
[0720/123701.019:INFO:CONSOLE(1)] "[Micro Frontend Framework] Loading app: metric commit:  change: ", source: https://assets.codehub.cn/micro-frontend/framework-dee42661.js (1)
[0720/123701.019:INFO:CONSOLE(1)] "[Micro Frontend Framework] Loading app: search commit:  change: ", source: https://assets.codehub.cn/micro-frontend/framework-dee42661.js (1)
[0720/123701.019:INFO:CONSOLE(1)] "[Micro Frontend Framework] Loading app: tcms commit:  change: ", source: https://assets.codehub.cn/micro-frontend/framework-dee42661.js (1)
[0720/123701.019:INFO:CONSOLE(1)] "[Micro Frontend Framework] Loading app: dashboard commit:  change: ", source: https://assets.codehub.cn/micro-frontend/framework-dee42661.js (1)
[0720/123701.019:INFO:CONSOLE(1)] "[Micro Frontend Framework] Loading app: project-management-exclaves commit:  change: ", source: https://assets.codehub.cn/micro-frontend/framework-dee42661.js (1)
[0720/123701.020:INFO:CONSOLE(1)] "[Micro Frontend Framework] Loading app: userspace commit:  change: ", source: https://assets.codehub.cn/micro-frontend/framework-dee42661.js (1)
[0720/123701.020:INFO:CONSOLE(1)] "[Micro Frontend Framework] Loading app: notification commit:  change: ", source: https://assets.codehub.cn/micro-frontend/framework-dee42661.js (1)
[0720/123701.020:INFO:CONSOLE(1)] "[Micro Frontend Framework] Loading app: team commit:  change: ", source: https://assets.codehub.cn/micro-frontend/framework-dee42661.js (1)
[0720/123701.020:INFO:CONSOLE(1)] "[Micro Frontend Framework] Loading app: programs commit:  change: ", source: https://assets.codehub.cn/micro-frontend/framework-dee42661.js (1)
[0720/123701.021:INFO:CONSOLE(1)] "[Micro Frontend Framework] Loading app: appops commit:  change: ", source: https://assets.codehub.cn/micro-frontend/framework-dee42661.js (1)
[0720/123701.022:INFO:CONSOLE(1)] "[Micro Frontend Framework] Loading app: km commit:  change: ", source: https://assets.codehub.cn/micro-frontend/framework-dee42661.js (1)
[0720/123701.023:INFO:CONSOLE(1)] "[Micro Frontend Framework] Loading app: workloads commit:  change: ", source: https://assets.codehub.cn/micro-frontend/framework-dee42661.js (1)
[0720/123701.023:INFO:CONSOLE(1)] "[Micro Frontend Framework] Loading app: assets commit:  change: ", source: https://assets.codehub.cn/micro-frontend/framework-dee42661.js (1)
[0720/123701.023:INFO:CONSOLE(1)] "[Micro Frontend Framework] Loading app: operation commit:  change: ", source: https://assets.codehub.cn/micro-frontend/framework-dee42661.js (1)
[0720/123701.023:INFO:CONSOLE(1)] "[Micro Frontend Framework] Loading app: workorder commit:  change: ", source: https://assets.codehub.cn/micro-frontend/framework-dee42661.js (1)
[0720/123701.023:INFO:CONSOLE(1)] "[Micro Frontend Framework] Loading app: purchase commit:  change: ", source: https://assets.codehub.cn/micro-frontend/framework-dee42661.js (1)
[0720/123704.655:INFO:CONSOLE(1)] "[Micro Frontend Framework] Registered app operation ...", source: https://assets.codehub.cn/micro-frontend/framework-dee42661.js (1)
[0720/123710.976:INFO:CONSOLE(1)] "[Micro Frontend Framework] Registered app layout ...", source: https://assets.codehub.cn/micro-frontend/framework-dee42661.js (1)
[0720/123713.836:INFO:CONSOLE(1)] "[Micro Frontend Framework] Registered app files ...", source: https://assets.codehub.cn/micro-frontend/framework-dee42661.js (1)
[0720/123717.826:INFO:CONSOLE(1)] "[Micro Frontend Framework] Registered app wiki ...", source: https://assets.codehub.cn/micro-frontend/framework-dee42661.js (1)
[0720/123720.457:INFO:CONSOLE(0)] "Uncaught (in promise) #<Object>", source: https://jingziqi.coding.net/s/bcd9777c-f923-48de-a4f9-d74c (0)
[0720/123720.613:INFO:CONSOLE(0)] "Uncaught (in promise) #<Object>", source: https://jingziqi.coding.net/s/bcd9777c-f923-48de-a4f9-d74c (0)
[0720/123720.616:INFO:CONSOLE(0)] "Uncaught (in promise) #<Object>", source: https://jingziqi.coding.net/s/bcd9777c-f923-48de-a4f9-d74c (0)
[0720/123720.618:INFO:CONSOLE(0)] "Uncaught (in promise) #<Object>", source: https://jingziqi.coding.net/s/bcd9777c-f923-48de-a4f9-d74c (0)
[0720/123720.621:INFO:CONSOLE(0)] "Uncaught (in promise) #<Object>", source: https://jingziqi.coding.net/s/bcd9777c-f923-48de-a4f9-d74c (0)
[0720/123720.877:INFO:CONSOLE(0)] "Uncaught (in promise) #<Object>", source: https://jingziqi.coding.net/s/bcd9777c-f923-48de-a4f9-d74c (0)
[0720/123720.879:INFO:CONSOLE(0)] "Uncaught (in promise) #<Object>", source: https://jingziqi.coding.net/s/bcd9777c-f923-48de-a4f9-d74c (0)
[0720/123720.944:INFO:CONSOLE(0)] "Uncaught (in promise) #<Object>", source: https://jingziqi.coding.net/s/bcd9777c-f923-48de-a4f9-d74c (0)
[0720/124733.327:INFO:CONSOLE(1)] "[Micro Frontend Framework] Initialize google ga...", source: https://assets.codehub.cn/micro-frontend/framework-dee42661.js (1)
[0720/124733.483:INFO:CONSOLE(1)] "[Micro Frontend Framework] Checked unsupported browser", source: https://assets.codehub.cn/micro-frontend/framework-dee42661.js (1)
[0720/124733.493:INFO:CONSOLE(1)] "[Micro Frontend Framework] Framework version: 1322a807079da633567f2f53b87e8e2063403a2a", source: https://assets.codehub.cn/micro-frontend/framework-dee42661.js (1)
[0720/124733.515:INFO:CONSOLE(1)] "[Micro Frontend Framework] Loading app: unauthorized commit:  change: ", source: https://assets.codehub.cn/micro-frontend/framework-dee42661.js (1)
[0720/124733.516:INFO:CONSOLE(1)] "[Micro Frontend Framework] Loading app: layout commit:  change: ", source: https://assets.codehub.cn/micro-frontend/framework-dee42661.js (1)
[0720/124733.516:INFO:CONSOLE(1)] "[Micro Frontend Framework] Loading app: container commit:  change: ", source: https://assets.codehub.cn/micro-frontend/framework-dee42661.js (1)
[0720/124733.517:INFO:CONSOLE(1)] "[Micro Frontend Framework] Loading app: login commit:  change: ", source: https://assets.codehub.cn/micro-frontend/framework-dee42661.js (1)
[0720/124733.517:INFO:CONSOLE(1)] "[Micro Frontend Framework] Loading app: account commit:  change: ", source: https://assets.codehub.cn/micro-frontend/framework-dee42661.js (1)
[0720/124733.517:INFO:CONSOLE(1)] "[Micro Frontend Framework] Loading app: projects commit:  change: ", source: https://assets.codehub.cn/micro-frontend/framework-dee42661.js (1)
[0720/124733.517:INFO:CONSOLE(1)] "[Micro Frontend Framework] Loading app: project-setting commit:  change: ", source: https://assets.codehub.cn/micro-frontend/framework-dee42661.js (1)
[0720/124733.517:INFO:CONSOLE(1)] "[Micro Frontend Framework] Loading app: teamokr commit:  change: ", source: https://assets.codehub.cn/micro-frontend/framework-dee42661.js (1)
[0720/124733.517:INFO:CONSOLE(1)] "[Micro Frontend Framework] Loading app: ci commit:  change: ", source: https://assets.codehub.cn/micro-frontend/framework-dee42661.js (1)
[0720/124733.518:INFO:CONSOLE(1)] "[Micro Frontend Framework] Loading app: qci commit:  change: ", source: https://assets.codehub.cn/micro-frontend/framework-dee42661.js (1)
[0720/124733.518:INFO:CONSOLE(1)] "[Micro Frontend Framework] Loading app: vcs commit:  change: ", source: https://assets.codehub.cn/micro-frontend/framework-dee42661.js (1)
[0720/124733.518:INFO:CONSOLE(1)] "[Micro Frontend Framework] Loading app: project-management commit:  change: ", source: https://assets.codehub.cn/micro-frontend/framework-dee42661.js (1)
[0720/124733.518:INFO:CONSOLE(1)] "[Micro Frontend Framework] Loading app: testing commit:  change: ", source: https://assets.codehub.cn/micro-frontend/framework-dee42661.js (1)
[0720/124733.518:INFO:CONSOLE(1)] "[Micro Frontend Framework] Loading app: api commit:  change: ", source: https://assets.codehub.cn/micro-frontend/framework-dee42661.js (1)
[0720/124733.519:INFO:CONSOLE(1)] "[Micro Frontend Framework] Loading app: artifacts commit:  change: ", source: https://assets.codehub.cn/micro-frontend/framework-dee42661.js (1)
[0720/124733.519:INFO:CONSOLE(1)] "[Micro Frontend Framework] Loading app: cd-spin commit:  change: ", source: https://assets.codehub.cn/micro-frontend/framework-dee42661.js (1)
[0720/124733.519:INFO:CONSOLE(1)] "[Micro Frontend Framework] Loading app: activity commit:  change: ", source: https://assets.codehub.cn/micro-frontend/framework-dee42661.js (1)
[0720/124733.519:INFO:CONSOLE(1)] "[Micro Frontend Framework] Loading app: user commit:  change: ", source: https://assets.codehub.cn/micro-frontend/framework-dee42661.js (1)
[0720/124733.519:INFO:CONSOLE(1)] "[Micro Frontend Framework] Loading app: code-analysis commit:  change: ", source: https://assets.codehub.cn/micro-frontend/framework-dee42661.js (1)
[0720/124733.519:INFO:CONSOLE(1)] "[Micro Frontend Framework] Loading app: wiki commit:  change: ", source: https://assets.codehub.cn/micro-frontend/framework-dee42661.js (1)
[0720/124733.520:INFO:CONSOLE(1)] "[Micro Frontend Framework] Loading app: files commit:  change: ", source: https://assets.codehub.cn/micro-frontend/framework-dee42661.js (1)
[0720/124733.520:INFO:CONSOLE(1)] "[Micro Frontend Framework] Loading app: metric commit:  change: ", source: https://assets.codehub.cn/micro-frontend/framework-dee42661.js (1)
[0720/124733.520:INFO:CONSOLE(1)] "[Micro Frontend Framework] Loading app: search commit:  change: ", source: https://assets.codehub.cn/micro-frontend/framework-dee42661.js (1)
[0720/124733.520:INFO:CONSOLE(1)] "[Micro Frontend Framework] Loading app: tcms commit:  change: ", source: https://assets.codehub.cn/micro-frontend/framework-dee42661.js (1)
[0720/124733.520:INFO:CONSOLE(1)] "[Micro Frontend Framework] Loading app: dashboard commit:  change: ", source: https://assets.codehub.cn/micro-frontend/framework-dee42661.js (1)
[0720/124733.520:INFO:CONSOLE(1)] "[Micro Frontend Framework] Loading app: project-management-exclaves commit:  change: ", source: https://assets.codehub.cn/micro-frontend/framework-dee42661.js (1)
[0720/124733.520:INFO:CONSOLE(1)] "[Micro Frontend Framework] Loading app: userspace commit:  change: ", source: https://assets.codehub.cn/micro-frontend/framework-dee42661.js (1)
[0720/124733.520:INFO:CONSOLE(1)] "[Micro Frontend Framework] Loading app: notification commit:  change: ", source: https://assets.codehub.cn/micro-frontend/framework-dee42661.js (1)
[0720/124733.520:INFO:CONSOLE(1)] "[Micro Frontend Framework] Loading app: team commit:  change: ", source: https://assets.codehub.cn/micro-frontend/framework-dee42661.js (1)
[0720/124733.520:INFO:CONSOLE(1)] "[Micro Frontend Framework] Loading app: programs commit:  change: ", source: https://assets.codehub.cn/micro-frontend/framework-dee42661.js (1)
[0720/124733.520:INFO:CONSOLE(1)] "[Micro Frontend Framework] Loading app: appops commit:  change: ", source: https://assets.codehub.cn/micro-frontend/framework-dee42661.js (1)
[0720/124733.521:INFO:CONSOLE(1)] "[Micro Frontend Framework] Loading app: km commit:  change: ", source: https://assets.codehub.cn/micro-frontend/framework-dee42661.js (1)
[0720/124733.521:INFO:CONSOLE(1)] "[Micro Frontend Framework] Loading app: workloads commit:  change: ", source: https://assets.codehub.cn/micro-frontend/framework-dee42661.js (1)
[0720/124733.521:INFO:CONSOLE(1)] "[Micro Frontend Framework] Loading app: assets commit:  change: ", source: https://assets.codehub.cn/micro-frontend/framework-dee42661.js (1)
[0720/124733.521:INFO:CONSOLE(1)] "[Micro Frontend Framework] Loading app: operation commit:  change: ", source: https://assets.codehub.cn/micro-frontend/framework-dee42661.js (1)
[0720/124733.521:INFO:CONSOLE(1)] "[Micro Frontend Framework] Loading app: workorder commit:  change: ", source: https://assets.codehub.cn/micro-frontend/framework-dee42661.js (1)
[0720/124733.521:INFO:CONSOLE(1)] "[Micro Frontend Framework] Loading app: purchase commit:  change: ", source: https://assets.codehub.cn/micro-frontend/framework-dee42661.js (1)
[0720/124734.917:INFO:CONSOLE(1)] "[Micro Frontend Framework] Registered app layout ...", source: https://assets.codehub.cn/micro-frontend/framework-dee42661.js (1)
[0720/124735.598:INFO:CONSOLE(1)] "[Micro Frontend Framework] Registered app files ...", source: https://assets.codehub.cn/micro-frontend/framework-dee42661.js (1)
[0720/124736.076:INFO:CONSOLE(1)] "[Micro Frontend Framework] Registered app wiki ...", source: https://assets.codehub.cn/micro-frontend/framework-dee42661.js (1)
[0720/124736.231:INFO:CONSOLE(1)] "[Micro Frontend Framework] Registered app operation ...", source: https://assets.codehub.cn/micro-frontend/framework-dee42661.js (1)
[0720/124736.541:INFO:CONSOLE(0)] "Uncaught (in promise) #<Object>", source: https://jingziqi.coding.net/s/bcd9777c-f923-48de-a4f9-d74cbcc56293 (0)
[0720/124736.545:INFO:CONSOLE(0)] "Uncaught (in promise) #<Object>", source: https://jingziqi.coding.net/s/bcd9777c-f923-48de-a4f9-d74cbcc56293 (0)
[0720/124736.546:INFO:CONSOLE(0)] "Uncaught (in promise) #<Object>", source: https://jingziqi.coding.net/s/bcd9777c-f923-48de-a4f9-d74cbcc56293 (0)
[0720/124736.548:INFO:CONSOLE(0)] "Uncaught (in promise) #<Object>", source: https://jingziqi.coding.net/s/bcd9777c-f923-48de-a4f9-d74cbcc56293 (0)
[0720/124736.550:INFO:CONSOLE(0)] "Uncaught (in promise) #<Object>", source: https://jingziqi.coding.net/s/bcd9777c-f923-48de-a4f9-d74cbcc56293 (0)
[0720/124736.552:INFO:CONSOLE(0)] "Uncaught (in promise) #<Object>", source: https://jingziqi.coding.net/s/bcd9777c-f923-48de-a4f9-d74cbcc56293 (0)
[0720/124831.644:INFO:render_frame_host_impl.cc(11505)] RenderFrameHostImpl::MaybeGenerateCrashReport url = , status = 4, exit_code = 258
[0720/124836.534:INFO:render_frame_host_impl.cc(11505)] RenderFrameHostImpl::MaybeGenerateCrashReport url = , status = 4, exit_code = 258
[0720/124927.080:ERROR:gpu_init.cc(486)] Passthrough is not supported, GL is disabled, ANGLE is 
[0720/125530.717:INFO:CONSOLE(1)] "[Micro Frontend Framework] Initialize google ga...", source: https://assets.codehub.cn/micro-frontend/framework-dee42661.js (1)
[0720/125530.794:INFO:CONSOLE(1)] "[Micro Frontend Framework] Checked unsupported browser", source: https://assets.codehub.cn/micro-frontend/framework-dee42661.js (1)
[0720/125530.794:INFO:CONSOLE(1)] "[Micro Frontend Framework] Framework version: 1322a807079da633567f2f53b87e8e2063403a2a", source: https://assets.codehub.cn/micro-frontend/framework-dee42661.js (1)
[0720/125530.812:INFO:CONSOLE(1)] "[Micro Frontend Framework] Loading app: unauthorized commit:  change: ", source: https://assets.codehub.cn/micro-frontend/framework-dee42661.js (1)
[0720/125530.812:INFO:CONSOLE(1)] "[Micro Frontend Framework] Loading app: layout commit:  change: ", source: https://assets.codehub.cn/micro-frontend/framework-dee42661.js (1)
[0720/125530.812:INFO:CONSOLE(1)] "[Micro Frontend Framework] Loading app: container commit:  change: ", source: https://assets.codehub.cn/micro-frontend/framework-dee42661.js (1)
[0720/125530.812:INFO:CONSOLE(1)] "[Micro Frontend Framework] Loading app: login commit:  change: ", source: https://assets.codehub.cn/micro-frontend/framework-dee42661.js (1)
[0720/125530.813:INFO:CONSOLE(1)] "[Micro Frontend Framework] Loading app: account commit:  change: ", source: https://assets.codehub.cn/micro-frontend/framework-dee42661.js (1)
[0720/125530.813:INFO:CONSOLE(1)] "[Micro Frontend Framework] Loading app: projects commit:  change: ", source: https://assets.codehub.cn/micro-frontend/framework-dee42661.js (1)
[0720/125530.813:INFO:CONSOLE(1)] "[Micro Frontend Framework] Loading app: project-setting commit:  change: ", source: https://assets.codehub.cn/micro-frontend/framework-dee42661.js (1)
[0720/125530.813:INFO:CONSOLE(1)] "[Micro Frontend Framework] Loading app: teamokr commit:  change: ", source: https://assets.codehub.cn/micro-frontend/framework-dee42661.js (1)
[0720/125530.813:INFO:CONSOLE(1)] "[Micro Frontend Framework] Loading app: ci commit:  change: ", source: https://assets.codehub.cn/micro-frontend/framework-dee42661.js (1)
[0720/125530.813:INFO:CONSOLE(1)] "[Micro Frontend Framework] Loading app: qci commit:  change: ", source: https://assets.codehub.cn/micro-frontend/framework-dee42661.js (1)
[0720/125530.813:INFO:CONSOLE(1)] "[Micro Frontend Framework] Loading app: vcs commit:  change: ", source: https://assets.codehub.cn/micro-frontend/framework-dee42661.js (1)
[0720/125530.813:INFO:CONSOLE(1)] "[Micro Frontend Framework] Loading app: project-management commit:  change: ", source: https://assets.codehub.cn/micro-frontend/framework-dee42661.js (1)
[0720/125530.813:INFO:CONSOLE(1)] "[Micro Frontend Framework] Loading app: testing commit:  change: ", source: https://assets.codehub.cn/micro-frontend/framework-dee42661.js (1)
[0720/125530.813:INFO:CONSOLE(1)] "[Micro Frontend Framework] Loading app: api commit:  change: ", source: https://assets.codehub.cn/micro-frontend/framework-dee42661.js (1)
[0720/125530.813:INFO:CONSOLE(1)] "[Micro Frontend Framework] Loading app: artifacts commit:  change: ", source: https://assets.codehub.cn/micro-frontend/framework-dee42661.js (1)
[0720/125530.813:INFO:CONSOLE(1)] "[Micro Frontend Framework] Loading app: cd-spin commit:  change: ", source: https://assets.codehub.cn/micro-frontend/framework-dee42661.js (1)
[0720/125530.813:INFO:CONSOLE(1)] "[Micro Frontend Framework] Loading app: activity commit:  change: ", source: https://assets.codehub.cn/micro-frontend/framework-dee42661.js (1)
[0720/125530.813:INFO:CONSOLE(1)] "[Micro Frontend Framework] Loading app: user commit:  change: ", source: https://assets.codehub.cn/micro-frontend/framework-dee42661.js (1)
[0720/125530.814:INFO:CONSOLE(1)] "[Micro Frontend Framework] Loading app: code-analysis commit:  change: ", source: https://assets.codehub.cn/micro-frontend/framework-dee42661.js (1)
[0720/125530.814:INFO:CONSOLE(1)] "[Micro Frontend Framework] Loading app: wiki commit:  change: ", source: https://assets.codehub.cn/micro-frontend/framework-dee42661.js (1)
[0720/125530.814:INFO:CONSOLE(1)] "[Micro Frontend Framework] Loading app: files commit:  change: ", source: https://assets.codehub.cn/micro-frontend/framework-dee42661.js (1)
[0720/125530.814:INFO:CONSOLE(1)] "[Micro Frontend Framework] Loading app: metric commit:  change: ", source: https://assets.codehub.cn/micro-frontend/framework-dee42661.js (1)
[0720/125530.814:INFO:CONSOLE(1)] "[Micro Frontend Framework] Loading app: search commit:  change: ", source: https://assets.codehub.cn/micro-frontend/framework-dee42661.js (1)
[0720/125530.814:INFO:CONSOLE(1)] "[Micro Frontend Framework] Loading app: tcms commit:  change: ", source: https://assets.codehub.cn/micro-frontend/framework-dee42661.js (1)
[0720/125530.814:INFO:CONSOLE(1)] "[Micro Frontend Framework] Loading app: dashboard commit:  change: ", source: https://assets.codehub.cn/micro-frontend/framework-dee42661.js (1)
[0720/125530.814:INFO:CONSOLE(1)] "[Micro Frontend Framework] Loading app: project-management-exclaves commit:  change: ", source: https://assets.codehub.cn/micro-frontend/framework-dee42661.js (1)
[0720/125530.814:INFO:CONSOLE(1)] "[Micro Frontend Framework] Loading app: userspace commit:  change: ", source: https://assets.codehub.cn/micro-frontend/framework-dee42661.js (1)
[0720/125530.814:INFO:CONSOLE(1)] "[Micro Frontend Framework] Loading app: notification commit:  change: ", source: https://assets.codehub.cn/micro-frontend/framework-dee42661.js (1)
[0720/125530.814:INFO:CONSOLE(1)] "[Micro Frontend Framework] Loading app: team commit:  change: ", source: https://assets.codehub.cn/micro-frontend/framework-dee42661.js (1)
[0720/125530.814:INFO:CONSOLE(1)] "[Micro Frontend Framework] Loading app: programs commit:  change: ", source: https://assets.codehub.cn/micro-frontend/framework-dee42661.js (1)
[0720/125530.814:INFO:CONSOLE(1)] "[Micro Frontend Framework] Loading app: appops commit:  change: ", source: https://assets.codehub.cn/micro-frontend/framework-dee42661.js (1)
[0720/125530.814:INFO:CONSOLE(1)] "[Micro Frontend Framework] Loading app: km commit:  change: ", source: https://assets.codehub.cn/micro-frontend/framework-dee42661.js (1)
[0720/125530.814:INFO:CONSOLE(1)] "[Micro Frontend Framework] Loading app: workloads commit:  change: ", source: https://assets.codehub.cn/micro-frontend/framework-dee42661.js (1)
[0720/125530.814:INFO:CONSOLE(1)] "[Micro Frontend Framework] Loading app: assets commit:  change: ", source: https://assets.codehub.cn/micro-frontend/framework-dee42661.js (1)
[0720/125530.814:INFO:CONSOLE(1)] "[Micro Frontend Framework] Loading app: operation commit:  change: ", source: https://assets.codehub.cn/micro-frontend/framework-dee42661.js (1)
[0720/125530.814:INFO:CONSOLE(1)] "[Micro Frontend Framework] Loading app: workorder commit:  change: ", source: https://assets.codehub.cn/micro-frontend/framework-dee42661.js (1)
[0720/125530.814:INFO:CONSOLE(1)] "[Micro Frontend Framework] Loading app: purchase commit:  change: ", source: https://assets.codehub.cn/micro-frontend/framework-dee42661.js (1)
[0720/125532.224:INFO:CONSOLE(1)] "[Micro Frontend Framework] Registered app operation ...", source: https://assets.codehub.cn/micro-frontend/framework-dee42661.js (1)
[0720/125533.149:INFO:CONSOLE(1)] "[Micro Frontend Framework] Registered app layout ...", source: https://assets.codehub.cn/micro-frontend/framework-dee42661.js (1)
[0720/125533.877:INFO:CONSOLE(1)] "[Micro Frontend Framework] Registered app files ...", source: https://assets.codehub.cn/micro-frontend/framework-dee42661.js (1)
[0720/125534.398:INFO:CONSOLE(1)] "[Micro Frontend Framework] Registered app wiki ...", source: https://assets.codehub.cn/micro-frontend/framework-dee42661.js (1)
[0720/125534.795:INFO:CONSOLE(0)] "Uncaught (in promise) #<Object>", source: https://jingziqi.coding.net/s/bcd9777c-f923-48de-a4f9-d74cbcc56293 (0)
[0720/125534.798:INFO:CONSOLE(0)] "Uncaught (in promise) #<Object>", source: https://jingziqi.coding.net/s/bcd9777c-f923-48de-a4f9-d74cbcc56293 (0)
[0720/125534.800:INFO:CONSOLE(0)] "Uncaught (in promise) #<Object>", source: https://jingziqi.coding.net/s/bcd9777c-f923-48de-a4f9-d74cbcc56293 (0)
[0720/125534.801:INFO:CONSOLE(0)] "Uncaught (in promise) #<Object>", source: https://jingziqi.coding.net/s/bcd9777c-f923-48de-a4f9-d74cbcc56293 (0)
[0720/125534.804:INFO:CONSOLE(0)] "Uncaught (in promise) #<Object>", source: https://jingziqi.coding.net/s/bcd9777c-f923-48de-a4f9-d74cbcc56293 (0)
[0720/125534.806:INFO:CONSOLE(0)] "Uncaught (in promise) #<Object>", source: https://jingziqi.coding.net/s/bcd9777c-f923-48de-a4f9-d74cbcc56293 (0)
[0720/125557.974:INFO:CONSOLE(1)] "[Micro Frontend Framework] Initialize google ga...", source: https://assets.codehub.cn/micro-frontend/framework-dee42661.js (1)
[0720/125558.024:INFO:CONSOLE(1)] "[Micro Frontend Framework] Checked unsupported browser", source: https://assets.codehub.cn/micro-frontend/framework-dee42661.js (1)
[0720/125558.042:INFO:CONSOLE(1)] "[Micro Frontend Framework] Framework version: 1322a807079da633567f2f53b87e8e2063403a2a", source: https://assets.codehub.cn/micro-frontend/framework-dee42661.js (1)
[0720/125558.068:INFO:CONSOLE(1)] "[Micro Frontend Framework] Loading app: unauthorized commit:  change: ", source: https://assets.codehub.cn/micro-frontend/framework-dee42661.js (1)
[0720/125558.075:INFO:CONSOLE(1)] "[Micro Frontend Framework] Loading app: layout commit:  change: ", source: https://assets.codehub.cn/micro-frontend/framework-dee42661.js (1)
[0720/125558.075:INFO:CONSOLE(1)] "[Micro Frontend Framework] Loading app: container commit:  change: ", source: https://assets.codehub.cn/micro-frontend/framework-dee42661.js (1)
[0720/125558.080:INFO:CONSOLE(1)] "[Micro Frontend Framework] Loading app: login commit:  change: ", source: https://assets.codehub.cn/micro-frontend/framework-dee42661.js (1)
[0720/125558.080:INFO:CONSOLE(1)] "[Micro Frontend Framework] Loading app: account commit:  change: ", source: https://assets.codehub.cn/micro-frontend/framework-dee42661.js (1)
[0720/125558.080:INFO:CONSOLE(1)] "[Micro Frontend Framework] Loading app: projects commit:  change: ", source: https://assets.codehub.cn/micro-frontend/framework-dee42661.js (1)
[0720/125558.080:INFO:CONSOLE(1)] "[Micro Frontend Framework] Loading app: project-setting commit:  change: ", source: https://assets.codehub.cn/micro-frontend/framework-dee42661.js (1)
[0720/125558.084:INFO:CONSOLE(1)] "[Micro Frontend Framework] Loading app: teamokr commit:  change: ", source: https://assets.codehub.cn/micro-frontend/framework-dee42661.js (1)
[0720/125558.085:INFO:CONSOLE(1)] "[Micro Frontend Framework] Loading app: ci commit:  change: ", source: https://assets.codehub.cn/micro-frontend/framework-dee42661.js (1)
[0720/125558.086:INFO:CONSOLE(1)] "[Micro Frontend Framework] Loading app: qci commit:  change: ", source: https://assets.codehub.cn/micro-frontend/framework-dee42661.js (1)
[0720/125558.087:INFO:CONSOLE(1)] "[Micro Frontend Framework] Loading app: vcs commit:  change: ", source: https://assets.codehub.cn/micro-frontend/framework-dee42661.js (1)
[0720/125558.087:INFO:CONSOLE(1)] "[Micro Frontend Framework] Loading app: project-management commit:  change: ", source: https://assets.codehub.cn/micro-frontend/framework-dee42661.js (1)
[0720/125558.088:INFO:CONSOLE(1)] "[Micro Frontend Framework] Loading app: testing commit:  change: ", source: https://assets.codehub.cn/micro-frontend/framework-dee42661.js (1)
[0720/125558.089:INFO:CONSOLE(1)] "[Micro Frontend Framework] Loading app: api commit:  change: ", source: https://assets.codehub.cn/micro-frontend/framework-dee42661.js (1)
[0720/125558.089:INFO:CONSOLE(1)] "[Micro Frontend Framework] Loading app: artifacts commit:  change: ", source: https://assets.codehub.cn/micro-frontend/framework-dee42661.js (1)
[0720/125558.090:INFO:CONSOLE(1)] "[Micro Frontend Framework] Loading app: cd-spin commit:  change: ", source: https://assets.codehub.cn/micro-frontend/framework-dee42661.js (1)
[0720/125558.093:INFO:CONSOLE(1)] "[Micro Frontend Framework] Loading app: activity commit:  change: ", source: https://assets.codehub.cn/micro-frontend/framework-dee42661.js (1)
[0720/125558.093:INFO:CONSOLE(1)] "[Micro Frontend Framework] Loading app: user commit:  change: ", source: https://assets.codehub.cn/micro-frontend/framework-dee42661.js (1)
[0720/125558.094:INFO:CONSOLE(1)] "[Micro Frontend Framework] Loading app: code-analysis commit:  change: ", source: https://assets.codehub.cn/micro-frontend/framework-dee42661.js (1)
[0720/125558.095:INFO:CONSOLE(1)] "[Micro Frontend Framework] Loading app: wiki commit:  change: ", source: https://assets.codehub.cn/micro-frontend/framework-dee42661.js (1)
[0720/125558.096:INFO:CONSOLE(1)] "[Micro Frontend Framework] Loading app: files commit:  change: ", source: https://assets.codehub.cn/micro-frontend/framework-dee42661.js (1)
[0720/125558.097:INFO:CONSOLE(1)] "[Micro Frontend Framework] Loading app: metric commit:  change: ", source: https://assets.codehub.cn/micro-frontend/framework-dee42661.js (1)
[0720/125558.098:INFO:CONSOLE(1)] "[Micro Frontend Framework] Loading app: search commit:  change: ", source: https://assets.codehub.cn/micro-frontend/framework-dee42661.js (1)
[0720/125558.099:INFO:CONSOLE(1)] "[Micro Frontend Framework] Loading app: tcms commit:  change: ", source: https://assets.codehub.cn/micro-frontend/framework-dee42661.js (1)
[0720/125558.099:INFO:CONSOLE(1)] "[Micro Frontend Framework] Loading app: dashboard commit:  change: ", source: https://assets.codehub.cn/micro-frontend/framework-dee42661.js (1)
[0720/125558.099:INFO:CONSOLE(1)] "[Micro Frontend Framework] Loading app: project-management-exclaves commit:  change: ", source: https://assets.codehub.cn/micro-frontend/framework-dee42661.js (1)
[0720/125558.100:INFO:CONSOLE(1)] "[Micro Frontend Framework] Loading app: userspace commit:  change: ", source: https://assets.codehub.cn/micro-frontend/framework-dee42661.js (1)
[0720/125558.100:INFO:CONSOLE(1)] "[Micro Frontend Framework] Loading app: notification commit:  change: ", source: https://assets.codehub.cn/micro-frontend/framework-dee42661.js (1)
[0720/125558.102:INFO:CONSOLE(1)] "[Micro Frontend Framework] Loading app: team commit:  change: ", source: https://assets.codehub.cn/micro-frontend/framework-dee42661.js (1)
[0720/125558.102:INFO:CONSOLE(1)] "[Micro Frontend Framework] Loading app: programs commit:  change: ", source: https://assets.codehub.cn/micro-frontend/framework-dee42661.js (1)
[0720/125558.102:INFO:CONSOLE(1)] "[Micro Frontend Framework] Loading app: appops commit:  change: ", source: https://assets.codehub.cn/micro-frontend/framework-dee42661.js (1)
[0720/125558.104:INFO:CONSOLE(1)] "[Micro Frontend Framework] Loading app: km commit:  change: ", source: https://assets.codehub.cn/micro-frontend/framework-dee42661.js (1)
[0720/125558.104:INFO:CONSOLE(1)] "[Micro Frontend Framework] Loading app: workloads commit:  change: ", source: https://assets.codehub.cn/micro-frontend/framework-dee42661.js (1)
[0720/125558.104:INFO:CONSOLE(1)] "[Micro Frontend Framework] Loading app: assets commit:  change: ", source: https://assets.codehub.cn/micro-frontend/framework-dee42661.js (1)
[0720/125558.105:INFO:CONSOLE(1)] "[Micro Frontend Framework] Loading app: operation commit:  change: ", source: https://assets.codehub.cn/micro-frontend/framework-dee42661.js (1)
[0720/125558.105:INFO:CONSOLE(1)] "[Micro Frontend Framework] Loading app: workorder commit:  change: ", source: https://assets.codehub.cn/micro-frontend/framework-dee42661.js (1)
[0720/125558.106:INFO:CONSOLE(1)] "[Micro Frontend Framework] Loading app: purchase commit:  change: ", source: https://assets.codehub.cn/micro-frontend/framework-dee42661.js (1)
[0720/125559.341:INFO:CONSOLE(1)] "[Micro Frontend Framework] Registered app operation ...", source: https://assets.codehub.cn/micro-frontend/framework-dee42661.js (1)
[0720/125600.308:INFO:CONSOLE(1)] "[Micro Frontend Framework] Registered app layout ...", source: https://assets.codehub.cn/micro-frontend/framework-dee42661.js (1)
[0720/125601.436:INFO:CONSOLE(1)] "[Micro Frontend Framework] Registered app files ...", source: https://assets.codehub.cn/micro-frontend/framework-dee42661.js (1)
[0720/125601.927:INFO:CONSOLE(1)] "[Micro Frontend Framework] Registered app wiki ...", source: https://assets.codehub.cn/micro-frontend/framework-dee42661.js (1)
[0720/125602.101:INFO:CONSOLE(0)] "Uncaught (in promise) #<Object>", source: https://jingziqi.coding.net/s/bcd9777c-f923-48de-a4f9-d74cbcc56293 (0)
[0720/125602.114:INFO:CONSOLE(0)] "Uncaught (in promise) #<Object>", source: https://jingziqi.coding.net/s/bcd9777c-f923-48de-a4f9-d74cbcc56293 (0)
[0720/125602.148:INFO:CONSOLE(0)] "Uncaught (in promise) #<Object>", source: https://jingziqi.coding.net/s/bcd9777c-f923-48de-a4f9-d74cbcc56293 (0)
[0720/125602.152:INFO:CONSOLE(0)] "Uncaught (in promise) #<Object>", source: https://jingziqi.coding.net/s/bcd9777c-f923-48de-a4f9-d74cbcc56293 (0)
[0720/125602.288:INFO:CONSOLE(0)] "Uncaught (in promise) #<Object>", source: https://jingziqi.coding.net/s/bcd9777c-f923-48de-a4f9-d74cbcc56293 (0)
[0720/125602.290:INFO:CONSOLE(0)] "Uncaught (in promise) #<Object>", source: https://jingziqi.coding.net/s/bcd9777c-f923-48de-a4f9-d74cbcc56293 (0)
